<?xml version="1.0" encoding="UTF-8"?>
<testsuite xmlns:xsi="http://www.w3.org/2001/XMLSchema-instance" xsi:noNamespaceSchemaLocation="https://maven.apache.org/surefire/maven-surefire-plugin/xsd/surefire-test-report.xsd" name="ru.netology.manager.ProductManagerTest" time="0.145" tests="10" errors="8" skipped="0" failures="0">
  <properties>
[...]
</properties>
  <testcase name="shouldSearchBySomeBookName" classname="ru.netology.manager.ProductManagerTest" time="0.069">
    <error message="arraycopy: source type ru.netology.domain.Book is not an array" type="java.lang.ArrayStoreException">java.lang.ArrayStoreException: arraycopy: source type ru.netology.domain.Book is not an array
	at ru.netology.manager.ProductManagerTest.shouldSearchBySomeBookName(ProductManagerTest.java:71)
</error>
  </testcase>
  <testcase name="shouldSearchBySmartphoneName" classname="ru.netology.manager.ProductManagerTest" time="0.003">
    <error message="arraycopy: source type ru.netology.domain.Smartphone is not an array" type="java.lang.ArrayStoreException">java.lang.ArrayStoreException: arraycopy: source type ru.netology.domain.Smartphone is not an array
	at ru.netology.manager.ProductManagerTest.shouldSearchBySmartphoneName(ProductManagerTest.java:52)
</error>
  </testcase>
  <testcase name="shouldSearchByBookName" classname="ru.netology.manager.ProductManagerTest" time="0.008">
    <error message="arraycopy: source type ru.netology.domain.Book is not an array" type="java.lang.ArrayStoreException">java.lang.ArrayStoreException: arraycopy: source type ru.netology.domain.Book is not an array
	at ru.netology.manager.ProductManagerTest.shouldSearchByBookName(ProductManagerTest.java:44)
</error>
  </testcase>
  <testcase name="shouldSearchBySomeSmartphoneName" classname="ru.netology.manager.ProductManagerTest" time="0">
    <error message="arraycopy: source type ru.netology.domain.Smartphone is not an array" type="java.lang.ArrayStoreException">java.lang.ArrayStoreException: arraycopy: source type ru.netology.domain.Smartphone is not an array
	at ru.netology.manager.ProductManagerTest.shouldSearchBySomeSmartphoneName(ProductManagerTest.java:100)
</error>
  </testcase>
  <testcase name="shouldSearchBySomeBookAuthor" classname="ru.netology.manager.ProductManagerTest" time="0.002">
    <error message="arraycopy: source type ru.netology.domain.Book is not an array" type="java.lang.ArrayStoreException">java.lang.ArrayStoreException: arraycopy: source type ru.netology.domain.Book is not an array
	at ru.netology.manager.ProductManagerTest.shouldSearchBySomeBookAuthor(ProductManagerTest.java:61)
</error>
  </testcase>
  <testcase name="shouldSearchByNotBook" classname="ru.netology.manager.ProductManagerTest" time="0.011"/>
  <testcase name="shouldSearchByBookAuthor" classname="ru.netology.manager.ProductManagerTest" time="0.002">
    <error message="arraycopy: source type ru.netology.domain.Book is not an array" type="java.lang.ArrayStoreException">java.lang.ArrayStoreException: arraycopy: source type ru.netology.domain.Book is not an array
	at ru.netology.manager.ProductManagerTest.shouldSearchByBookAuthor(ProductManagerTest.java:28)
</error>
  </testcase>
  <testcase name="shouldSearchByNotSmartphone" classname="ru.netology.manager.ProductManagerTest" time="0"/>
  <testcase name="shouldSearchBySomeSmartphoneManufacturer" classname="ru.netology.manager.ProductManagerTest" time="0.003">
    <error message="arraycopy: source type ru.netology.domain.Smartphone is not an array" type="java.lang.ArrayStoreException">java.lang.ArrayStoreException: arraycopy: source type ru.netology.domain.Smartphone is not an array
	at ru.netology.manager.ProductManagerTest.shouldSearchBySomeSmartphoneManufacturer(ProductManagerTest.java:91)
</error>
  </testcase>
  <testcase name="shouldSearchBySmartphoneManufacturer" classname="ru.netology.manager.ProductManagerTest" time="0.001">
    <error message="arraycopy: source type ru.netology.domain.Smartphone is not an array" type="java.lang.ArrayStoreException">java.lang.ArrayStoreException: arraycopy: source type ru.netology.domain.Smartphone is not an array
	at ru.netology.manager.ProductManagerTest.shouldSearchBySmartphoneManufacturer(ProductManagerTest.java:36)
</error>
  </testcase>
</testsuite>